Flow report for PWM_tone
Sat Mar 16 03:01:19 2024
Quartus II Version 9.1 Build 304 01/25/2010 Service Pack 1 SJ Web Edition


---------------------
; Table of Contents ;
---------------------
  1. Legal Notice
  2. Flow Summary
  3. Flow Settings
  4. Flow Non-Default Global Settings
  5. Flow Elapsed Time
  6. Flow OS Summary
  7. Flow Log



----------------
; Legal Notice ;
----------------
Copyright (C) 1991-2010 Altera Corporation
Your use of Altera Corporation's design tools, logic functions 
and other software and tools, and its AMPP partner logic 
functions, and any output files from any of the foregoing 
(including device programming or simulation files), and any 
associated documentation or information are expressly subject 
to the terms and conditions of the Altera Program License 
Subscription Agreement, Altera MegaCore Function License 
Agreement, or other applicable license agreement, including, 
without limitation, that your use is for the sole purpose of 
programming logic devices manufactured by Altera and sold by 
Altera or its authorized distributors.  Please refer to the 
applicable agreement for further details.



+------------------------------------------------------------------------+
; Flow Summary                                                           ;
+-------------------------+----------------------------------------------+
; Flow Status             ; Successful - Sat Mar 16 03:01:19 2024        ;
; Quartus II Version      ; 9.1 Build 304 01/25/2010 SP 1 SJ Web Edition ;
; Revision Name           ; PWM_tone                                     ;
; Top-level Entity Name   ; PWM_tone                                     ;
; Family                  ; MAX3000A                                     ;
; Device                  ; EPM3064ALC44-10                              ;
; Timing Models           ; Final                                        ;
; Met timing requirements ; Yes                                          ;
; Total macrocells        ; 54 / 64 ( 84 % )                             ;
; Total pins              ; 12 / 34 ( 35 % )                             ;
+-------------------------+----------------------------------------------+


+-----------------------------------------+
; Flow Settings                           ;
+-------------------+---------------------+
; Option            ; Setting             ;
+-------------------+---------------------+
; Start date & time ; 03/16/2024 03:01:08 ;
; Main task         ; Compilation         ;
; Revision Name     ; PWM_tone            ;
+-------------------+---------------------+


+---------------------------------------------------------------------------------------------------------------------------------------------------+
; Flow Non-Default Global Settings                                                                                                                  ;
+------------------------------------+---------------------------------------------------------------+---------------+-------------+----------------+
; Assignment Name                    ; Value                                                         ; Default Value ; Entity Name ; Section Id     ;
+------------------------------------+---------------------------------------------------------------+---------------+-------------+----------------+
; COMPILER_SIGNATURE_ID              ; 39908817207469.171052926813104                                ; --            ; --          ; --             ;
; MAX_CORE_JUNCTION_TEMP             ; 85                                                            ; --            ; --          ; --             ;
; MIN_CORE_JUNCTION_TEMP             ; 0                                                             ; --            ; --          ; --             ;
; MISC_FILE                          ; C:/Users/psplo/OneDrive/орн▒/0226/PWM_tone/PWM_tone.dpf       ; --            ; --          ; --             ;
; MISC_FILE                          ; C:/Users/Gary/Desktop/0226/PWM_tone/PWM_tone.dpf              ; --            ; --          ; --             ;
; MISC_FILE                          ; C:/Users/Gary/Desktop/PWM/PWM_tone/PWM_tone.dpf               ; --            ; --          ; --             ;
; MISC_FILE                          ; C:/Users/Gary/OneDrive/орн▒/Verilog/PWM/PWM_tone/PWM_tone.dpf ; --            ; --          ; --             ;
; USE_GENERATED_PHYSICAL_CONSTRAINTS ; Off                                                           ; --            ; --          ; eda_blast_fpga ;
+------------------------------------+---------------------------------------------------------------+---------------+-------------+----------------+


+-----------------------------------------------------------------------------------------------------------------------------+
; Flow Elapsed Time                                                                                                           ;
+-------------------------+--------------+-------------------------+---------------------+------------------------------------+
; Module Name             ; Elapsed Time ; Average Processors Used ; Peak Virtual Memory ; Total CPU Time (on all processors) ;
+-------------------------+--------------+-------------------------+---------------------+------------------------------------+
; Analysis & Synthesis    ; 00:00:09     ; 1.0                     ; 224 MB              ; 00:00:09                           ;
; Fitter                  ; 00:00:00     ; 1.0                     ; 200 MB              ; 00:00:01                           ;
; Assembler               ; 00:00:00     ; 1.0                     ; 197 MB              ; 00:00:00                           ;
; Classic Timing Analyzer ; 00:00:00     ; 1.0                     ; 168 MB              ; 00:00:00                           ;
; Total                   ; 00:00:09     ; --                      ; --                  ; 00:00:10                           ;
+-------------------------+--------------+-------------------------+---------------------+------------------------------------+


+------------------------------------------------------------------------------------------+
; Flow OS Summary                                                                          ;
+-------------------------+------------------+---------------+------------+----------------+
; Module Name             ; Machine Hostname ; OS Name       ; OS Version ; Processor type ;
+-------------------------+------------------+---------------+------------+----------------+
; Analysis & Synthesis    ; DESKTOP-B7BFKUK  ; Windows Vista ; 6.2        ; x86_64         ;
; Fitter                  ; DESKTOP-B7BFKUK  ; Windows Vista ; 6.2        ; x86_64         ;
; Assembler               ; DESKTOP-B7BFKUK  ; Windows Vista ; 6.2        ; x86_64         ;
; Classic Timing Analyzer ; DESKTOP-B7BFKUK  ; Windows Vista ; 6.2        ; x86_64         ;
+-------------------------+------------------+---------------+------------+----------------+


------------
; Flow Log ;
------------
quartus_map --read_settings_files=on --write_settings_files=off PWM_tone -c PWM_tone
quartus_fit --read_settings_files=off --write_settings_files=off PWM_tone -c PWM_tone
quartus_asm --read_settings_files=off --write_settings_files=off PWM_tone -c PWM_tone
quartus_tan --read_settings_files=off --write_settings_files=off PWM_tone -c PWM_tone



